Oct 20 18:50:46 Installed: libevent-2.0.21-4.el7.x86_64
Oct 20 18:50:47 Installed: tmux-1.8-4.el7.x86_64
Oct 20 18:52:53 Updated: 1:make-3.82-23.el7.x86_64
Oct 20 18:53:06 Updated: libgcc-4.8.5-28.el7_5.1.x86_64
Oct 20 18:53:07 Updated: libstdc++-4.8.5-28.el7_5.1.x86_64
Oct 20 18:53:07 Updated: libstdc++-devel-4.8.5-28.el7_5.1.x86_64
Oct 20 18:53:09 Updated: cpp-4.8.5-28.el7_5.1.x86_64
Oct 20 18:53:09 Updated: libgomp-4.8.5-28.el7_5.1.x86_64
Oct 20 18:53:12 Updated: gcc-4.8.5-28.el7_5.1.x86_64
Oct 20 18:53:13 Updated: gcc-c++-4.8.5-28.el7_5.1.x86_64
Oct 20 18:56:02 Installed: m4-1.4.16-10.el7.x86_64
Oct 20 18:56:02 Installed: bison-3.0.4-1.el7.x86_64
Oct 20 18:56:41 Installed: flex-2.5.37-3.el7.x86_64
Oct 20 18:57:36 Installed: gpm-libs-1.20.7-5.el7.x86_64
Oct 20 18:57:36 Installed: 2:vim-filesystem-7.4.160-4.el7.x86_64
Oct 20 18:57:38 Installed: 2:vim-common-7.4.160-4.el7.x86_64
Oct 20 18:57:39 Installed: 2:vim-enhanced-7.4.160-4.el7.x86_64
Oct 20 19:00:03 Updated: ncurses-base-5.9-14.20130511.el7_4.noarch
Oct 20 19:00:03 Updated: ncurses-libs-5.9-14.20130511.el7_4.x86_64
Oct 20 19:00:03 Installed: ncurses-devel-5.9-14.20130511.el7_4.x86_64
Oct 20 19:00:03 Updated: ncurses-5.9-14.20130511.el7_4.x86_64
Oct 20 19:11:32 Updated: zlib-1.2.7-17.el7.x86_64
Oct 20 19:11:32 Updated: elfutils-libelf-0.170-4.el7.x86_64
Oct 20 19:11:32 Installed: zlib-devel-1.2.7-17.el7.x86_64
Oct 20 19:11:32 Installed: elfutils-default-yama-scope-0.170-4.el7.noarch
Oct 20 19:11:32 Updated: elfutils-libs-0.170-4.el7.x86_64
Oct 20 19:11:32 Installed: elfutils-libelf-devel-0.170-4.el7.x86_64
Oct 20 19:12:09 Updated: libcom_err-1.42.9-12.el7_5.x86_64
Oct 20 19:12:10 Updated: libsepol-2.5-8.1.el7.x86_64
Oct 20 19:12:10 Installed: lz4-1.7.5-2.el7.x86_64
Oct 20 19:12:11 Updated: pcre-8.32-17.el7.x86_64
Oct 20 19:12:11 Updated: libselinux-2.5-12.el7.x86_64
Oct 20 19:12:11 Updated: 1:openssl-libs-1.0.2k-12.el7.x86_64
Oct 20 19:12:11 Updated: krb5-libs-1.15.1-19.el7.x86_64
Oct 20 19:12:12 Updated: systemd-libs-219-57.el7_5.3.x86_64
Oct 20 19:12:17 Updated: systemd-219-57.el7_5.3.x86_64
Oct 20 19:12:17 Installed: libkadm5-1.15.1-19.el7.x86_64
Oct 20 19:12:17 Installed: pcre-devel-8.32-17.el7.x86_64
Oct 20 19:12:18 Installed: libsepol-devel-2.5-8.1.el7.x86_64
Oct 20 19:12:18 Installed: libselinux-devel-2.5-12.el7.x86_64
Oct 20 19:12:18 Updated: libss-1.42.9-12.el7_5.x86_64
Oct 20 19:12:18 Installed: libcom_err-devel-1.42.9-12.el7_5.x86_64
Oct 20 19:12:18 Updated: e2fsprogs-libs-1.42.9-12.el7_5.x86_64
Oct 20 19:12:18 Installed: libverto-devel-0.2.5-4.el7.x86_64
Oct 20 19:12:18 Installed: keyutils-libs-devel-1.5.8-3.el7.x86_64
Oct 20 19:12:18 Installed: krb5-devel-1.15.1-19.el7.x86_64
Oct 20 19:12:19 Installed: 1:openssl-devel-1.0.2k-12.el7.x86_64
Oct 20 19:12:19 Updated: e2fsprogs-1.42.9-12.el7_5.x86_64
Oct 20 19:12:19 Updated: systemd-sysv-219-57.el7_5.3.x86_64
Oct 20 19:12:20 Updated: libgudev1-219-57.el7_5.3.x86_64
Oct 20 19:12:20 Updated: 1:openssl-1.0.2k-12.el7.x86_64
Oct 20 19:12:20 Updated: libselinux-python-2.5-12.el7.x86_64
Oct 20 19:12:20 Updated: libselinux-utils-2.5-12.el7.x86_64
Oct 20 19:12:37 Installed: bc-1.06.95-13.el7.x86_64
Oct 20 21:21:58 Installed: strace-4.12-6.el7.x86_64
